<?xml version="1.0" encoding="UTF-8"?>
<!-- Generated by org.testng.reporters.JUnitReportReporter -->
<testsuite hostname="DESKTOP-U77UHNF" name="learningTestNG.TestNGAnnotations_1" tests="2" failures="0" timestamp="8 Jun 2018 09:58:24 GMT" time="0.006" errors="0">
  <testcase name="test2" time="0.002" classname="learningTestNG.TestNGAnnotations_1"/>
  <testcase name="test1" time="0.004" classname="learningTestNG.TestNGAnnotations_1"/>
</testsuite> <!-- learningTestNG.TestNGAnnotations_1 -->
