<?xml version="1.0" encoding="UTF-8"?>
<!-- Generated by org.testng.reporters.JUnitReportReporter -->
<testsuite hostname="DESKTOP-U77UHNF" name="learningTestNG.Project_Vultus" tests="3" failures="0" timestamp="28 Jun 2018 03:32:19 GMT" time="80.967" errors="0">
  <testcase name="createProject" time="55.303" classname="learningTestNG.Project_Vultus"/>
  <testcase name="navigateTOProjectTab" time="9.926" classname="learningTestNG.Project_Vultus"/>
  <testcase name="login" time="15.738" classname="learningTestNG.Project_Vultus"/>
</testsuite> <!-- learningTestNG.Project_Vultus -->
